[debug] [2025-03-10T14:48:22.059Z] ----------------------------------------------------------------------
[debug] [2025-03-10T14:48:22.061Z] Command:       C:\Program Files\nodejs\node.exe C:\Users\vardh\AppData\Roaming\npm\node_modules\firebase-tools\lib\bin\firebase.js init
[debug] [2025-03-10T14:48:22.061Z] CLI Version:   13.33.0
[debug] [2025-03-10T14:48:22.062Z] Platform:      win32
[debug] [2025-03-10T14:48:22.062Z] Node Version:  v22.11.0
[debug] [2025-03-10T14:48:22.062Z] Time:          Mon Mar 10 2025 20:18:22 GMT+0530 (India Standard Time)
[debug] [2025-03-10T14:48:22.062Z] ----------------------------------------------------------------------
[debug] 
[debug] [2025-03-10T14:48:22.067Z] > command requires scopes: ["email","openid","https://www.googleapis.com/auth/cloudplatformprojects.readonly","https://www.googleapis.com/auth/firebase","https://www.googleapis.com/auth/cloud-platform"]
[debug] [2025-03-10T14:48:22.067Z] > authorizing via signed-in user (vardhanadithya50@gmail.com)
[info] 
     ######## #### ########  ######## ########     ###     ######  ########
     ##        ##  ##     ## ##       ##     ##  ##   ##  ##       ##
     ######    ##  ########  ######   ########  #########  ######  ######
     ##        ##  ##    ##  ##       ##     ## ##     ##       ## ##
     ##       #### ##     ## ######## ########  ##     ##  ######  ########

You're about to initialize a Firebase project in this directory:

  C:\Users\vardh\Desktop\Chess Multiplayer

[info] 
=== Project Setup
[info] 
[info] First, let's associate this project directory with a Firebase project.
[info] You can create multiple project aliases by running firebase use --add, 
[info] but for now we'll just set up a default project.
[info] 
[debug] [2025-03-10T14:51:12.816Z] Checked if tokens are valid: true, expires at: 1741621480304
[debug] [2025-03-10T14:51:12.817Z] Checked if tokens are valid: true, expires at: 1741621480304
[debug] [2025-03-10T14:51:12.818Z] >>> [apiv2][query] GET https://firebase.googleapis.com/v1beta1/projects pageSize=100
[debug] [2025-03-10T14:51:13.908Z] <<< [apiv2][status] GET https://firebase.googleapis.com/v1beta1/projects 200
[debug] [2025-03-10T14:51:13.908Z] <<< [apiv2][body] GET https://firebase.googleapis.com/v1beta1/projects [omitted]
[info] i  Using project chess-e4d59 (Chess) 
[info] 
=== Hosting Setup
[debug] [2025-03-10T14:51:20.022Z] Checked if tokens are valid: true, expires at: 1741621480304
[debug] [2025-03-10T14:51:20.022Z] Checked if tokens are valid: true, expires at: 1741621480304
[debug] [2025-03-10T14:51:20.022Z] >>> [apiv2][query] GET https://firebase.googleapis.com/v1beta1/projects/chess-e4d59 [none]
[debug] [2025-03-10T14:51:20.608Z] <<< [apiv2][status] GET https://firebase.googleapis.com/v1beta1/projects/chess-e4d59 200
[debug] [2025-03-10T14:51:20.608Z] <<< [apiv2][body] GET https://firebase.googleapis.com/v1beta1/projects/chess-e4d59 {"projectId":"chess-e4d59","projectNumber":"401784754450","displayName":"Chess","name":"projects/chess-e4d59","resources":{"hostingSite":"chess-e4d59"},"state":"ACTIVE","etag":"1_c29d2efa-32ed-44b6-b101-8a01679a96ba"}
[info] 
[info] Your public directory is the folder (relative to your project directory) that
[info] will contain Hosting assets to be uploaded with firebase deploy. If you
[info] have a build process for your assets, use your build's output directory.
[info] 
[debug] [2025-03-10T14:51:37.444Z] >>> [apiv2][query] GET https://www.gstatic.com/firebasejs/releases.json [none]
[debug] [2025-03-10T14:51:37.783Z] <<< [apiv2][status] GET https://www.gstatic.com/firebasejs/releases.json 200
[debug] [2025-03-10T14:51:37.783Z] <<< [apiv2][body] GET https://www.gstatic.com/firebasejs/releases.json {"current":{"version":"11.4.0","browserURL":"https://www.gstatic.com/firebasejs/11.4.0/firebase.js","packageURL":"https://www.gstatic.com/firebasejs/11.4.0/firebase.tgz"},"live":{"version":"11.4","browserURL":"https://www.gstatic.com/firebasejs/live/11.4/firebase.js","packageURL":"https://www.gstatic.com/firebasejs/live/11.4/firebase.tgz"},"components":{"analytics":"https://www.gstatic.com/firebasejs/11.4.0/firebase-analytics.js","app":"https://www.gstatic.com/firebasejs/11.4.0/firebase-app.js","app-check":"https://www.gstatic.com/firebasejs/11.4.0/firebase-app-check.js","auth":"https://www.gstatic.com/firebasejs/11.4.0/firebase-auth.js","auth/cordova":"https://www.gstatic.com/firebasejs/11.4.0/firebase-auth/cordova.js","auth/web-extension":"https://www.gstatic.com/firebasejs/11.4.0/firebase-auth/web-extension.js","functions":"https://www.gstatic.com/firebasejs/11.4.0/firebase-functions.js","firestore":"https://www.gstatic.com/firebasejs/11.4.0/firebase-firestore.js","firestore/lite":"https://www.gstatic.com/firebasejs/11.4.0/firebase-firestore/lite.js","installations":"https://www.gstatic.com/firebasejs/11.4.0/firebase-installations.js","storage":"https://www.gstatic.com/firebasejs/11.4.0/firebase-storage.js","performance":"https://www.gstatic.com/firebasejs/11.4.0/firebase-performance.js","remote-config":"https://www.gstatic.com/firebasejs/11.4.0/firebase-remote-config.js","messaging":"https://www.gstatic.com/firebasejs/11.4.0/firebase-messaging.js","messaging/sw":"https://www.gstatic.com/firebasejs/11.4.0/firebase-messaging/sw.js","database":"https://www.gstatic.com/firebasejs/11.4.0/firebase-database.js","vertexai":"https://www.gstatic.com/firebasejs/11.4.0/firebase-vertexai.js","data-connect":"https://www.gstatic.com/firebasejs/11.4.0/firebase-data-connect.js","firestore.memory":"https://www.gstatic.com/firebasejs/11.4.0/firebase-firestore.memory.js"}}
[info] +  Wrote y/index.html 
[info] 
[info] i  Didn't detect a .git folder. Assuming C:\Users\vardh\Desktop\Chess Multiplayer is the project root. 
[info] i  Authorizing with GitHub to upload your service account to a GitHub repository's secrets store. 
[info] 
[info] Visit this URL on this device to log in:
[info] https://github.com/login/oauth/authorize?client_id=89cf50f02ac6aaed3484&state=848075193&redirect_uri=http%3A%2F%2Flocalhost%3A9005&scope=read%3Auser%20repo%20public_repo
[info] 
[info] Waiting for authentication...
[debug] [2025-03-10T14:51:46.456Z] >>> [apiv2][query] POST https://github.com/login/oauth/access_token [none]
[debug] [2025-03-10T14:51:46.457Z] >>> [apiv2][body] POST https://github.com/login/oauth/access_token [stream]
[debug] [2025-03-10T14:51:46.937Z] <<< [apiv2][status] POST https://github.com/login/oauth/access_token 200
[debug] [2025-03-10T14:51:46.938Z] <<< [apiv2][body] POST https://github.com/login/oauth/access_token {"access_token":"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","token_type":"bearer","scope":"read:user,repo"}
[debug] [2025-03-10T14:51:46.945Z] >>> [apiv2][query] GET https://api.github.com/user [none]
[debug] [2025-03-10T14:51:47.396Z] <<< [apiv2][status] GET https://api.github.com/user 200
[debug] [2025-03-10T14:51:47.396Z] <<< [apiv2][body] GET https://api.github.com/user {"login":"Adithya4356","id":154258848,"node_id":"U_kgDOCTHNoA","avatar_url":"https://avatars.githubusercontent.com/u/154258848?v=4","gravatar_id":"","url":"https://api.github.com/users/Adithya4356","html_url":"https://github.com/Adithya4356","followers_url":"https://api.github.com/users/Adithya4356/followers","following_url":"https://api.github.com/users/Adithya4356/following{/other_user}","gists_url":"https://api.github.com/users/Adithya4356/gists{/gist_id}","starred_url":"https://api.github.com/users/Adithya4356/starred{/owner}{/repo}","subscriptions_url":"https://api.github.com/users/Adithya4356/subscriptions","organizations_url":"https://api.github.com/users/Adithya4356/orgs","repos_url":"https://api.github.com/users/Adithya4356/repos","events_url":"https://api.github.com/users/Adithya4356/events{/privacy}","received_events_url":"https://api.github.com/users/Adithya4356/received_events","type":"User","user_view_type":"private","site_admin":false,"name":null,"company":null,"blog":"","location":null,"email":null,"hireable":null,"bio":null,"twitter_username":null,"notification_email":null,"public_repos":4,"public_gists":0,"followers":0,"following":3,"created_at":"2023-12-18T16:59:16Z","updated_at":"2025-03-05T06:30:13Z","private_gists":0,"total_private_repos":0,"owned_private_repos":0,"disk_usage":1756,"collaborators":0,"two_factor_authentication":false,"plan":{"name":"free","space":976562499,"collaborators":0,"private_repos":10000}}
[info] 
[info] +  Success! Logged into GitHub as Adithya4356 
[info] 
[debug] [2025-03-10T14:52:04.797Z] >>> [apiv2][query] GET https://api.github.com/repos//actions/secrets/public-key type=owner
[debug] [2025-03-10T14:52:05.174Z] <<< [apiv2][status] GET https://api.github.com/repos//actions/secrets/public-key 404
[debug] [2025-03-10T14:52:05.174Z] <<< [apiv2][body] GET https://api.github.com/repos//actions/secrets/public-key {"message":"Not Found","documentation_url":"https://docs.github.com/rest","status":"404"}
[info] 
[info] 
[error] !  The provided authorization cannot be used with this repository. If this repository is in an organization, did you remember to grant access? 
[info] 
[info] i  Action required: Visit this URL to ensure access has been granted to the appropriate organization(s) for the Firebase CLI GitHub OAuth App: 
[info] https://github.com/settings/connections/applications/89cf50f02ac6aaed3484
[info] 
[debug] [2025-03-10T14:53:21.169Z] >>> [apiv2][query] GET https://api.github.com/repos/n/actions/secrets/public-key type=owner
[debug] [2025-03-10T14:53:21.551Z] <<< [apiv2][status] GET https://api.github.com/repos/n/actions/secrets/public-key 404
[debug] [2025-03-10T14:53:21.551Z] <<< [apiv2][body] GET https://api.github.com/repos/n/actions/secrets/public-key {"message":"Not Found","documentation_url":"https://docs.github.com/rest","status":"404"}
[info] 
[info] 
[error] !  The provided authorization cannot be used with this repository. If this repository is in an organization, did you remember to grant access? 
[info] 
[info] i  Action required: Visit this URL to ensure access has been granted to the appropriate organization(s) for the Firebase CLI GitHub OAuth App: 
[info] https://github.com/settings/connections/applications/89cf50f02ac6aaed3484
[info] 
